[ 2013-12-21 21:16:02.6235 14900/0x7fff7be16180 agents/Watchdog/Main.cpp:510 ]: Options: { 'analytics_log_user' => 'haradaatsushi', 'cleanup_pidfiles' => 'L3Zhci9mb2xkZXJzL3FjL3IzY2o4bGM1MnpkN3R3ODg0dmprcDg3NDAwMDBnbi9UL3Bhc3Nlbmdlci1zdGFuZGFsb25lLjRpd3Uxci90ZW1wX2Rpcl90b3VjaGVyLnBpZA==', 'default_group' => 'staff', 'default_python' => 'python', 'default_ruby' => '/Users/haradaatsushi/.rvm/wrappers/ruby-1.9.3-p448/ruby', 'default_user' => 'haradaatsushi', 'log_level' => '0', 'max_pool_size' => '6', 'passenger_root' => '/var/folders/qc/r3cj8lc52zd7tw884vjkp8740000gn/T/passenger-standalone.4iwu1r/locations.ini', 'passenger_version' => '4.0.29', 'pool_idle_time' => '300', 'prestart_urls' => 'aHR0cDovLzAuMC4wLjA6MzAwMAA=', 'temp_dir' => '/tmp', 'union_station_gateway_address' => 'gateway.unionstationapp.com', 'union_station_gateway_port' => '443', 'user_switching' => 'false', 'web_server_passenger_version' => '4.0.29', 'web_server_pid' => '14899', 'web_server_type' => 'nginx', 'web_server_worker_gid' => '-1', 'web_server_worker_uid' => '-1' }
[ 2013-12-21 21:16:02.6433 14904/0x7fff7be16180 agents/HelperAgent/Main.cpp:625 ]: PassengerHelperAgent online, listening at unix:/tmp/passenger.1.0.14899/generation-0/request
[ 2013-12-21 21:16:02.6532 14906/0x7fff7be16180 agents/LoggingAgent/Main.cpp:318 ]: PassengerLoggingAgent online, listening at unix:/tmp/passenger.1.0.14899/generation-0/logging
[ 2013-12-21 21:16:02.6535 14900/0x7fff7be16180 agents/Watchdog/Main.cpp:697 ]: All Phusion Passenger agents started!
App 14918 stdout: 
App 14918 stderr: *** Phusion Passenger: no passenger_native_support.bundle found for the current Ruby interpreter. Downloading precompiled binary from the Phusion server (set PASSENGER_DOWNLOAD_NATIVE_SUPPORT_BINARY=0 to disable)...
App 14918 stderr: Attempting to download https://oss-binaries.phusionpassenger.com/binaries/passenger/by_release/4.0.29/rubyext-ruby-1.9.3-x86_64-macosx.tar.gz into /var/folders/qc/r3cj8lc52zd7tw884vjkp8740000gn/T/passenger-native-support-11k6sco
App 14918 stderr:  
App 14918 stderr:  % Total    % Received % Xferd  Average Speed   Time    Time     Time  Current
App 14918 stderr:         
App 14918 stderr:                          Dload  Upload   Total   Spent    Left  Speed
App 14918 stderr:   0     0    0     0    0     0      0      0 --:--:-- --:--:-- --:--:--     0
App 14918 stderr:   0 
App 14918 stderr:     0    0     0    0     0      0      0 --:--:-- 
App 14918 stderr:  0:00:
App 14918 stderr: 01 --:-
App 14918 stderr: -:--    
App 14918 stderr:  0
App 14918 stderr:   0     0    0     0    0     0      0   
App 14918 stderr:    0 --:--:--  0:00:01 --:--:--     0
App 14918 stderr: curl: (2
App 14918 stderr: 2) The requ
App 14918 stderr: ested U
App 14918 stderr: RL returned err
App 14918 stderr: or:
App 14918 stderr:  404
App 14918 stderr: *** Phusion Passenger: no passenger_native_support.bundle found for the current Ruby interpreter. Compiling one (set PASSENGER_COMPILE_NATIVE_SUPPORT_BINARY=0 to disable)...
App 14918 stderr: # mkdir -p /var/folders/qc/r3cj8lc52zd7tw884vjkp8740000gn/T/passenger-standalone.4iwu1r/locations.ini/buildout/ruby/ruby-1.9.3-x86_64-macosx
App 14918 stderr: Not a valid directory. Trying a different one...
App 14918 stderr: -------------------------------
App 14918 stderr: 
App 14918 stderr: # mkdir -p /Users/haradaatsushi/.passenger/native_support/4.0.29/ruby-1.9.3-x86_64-macosx
App 14918 stderr: # cd /Users/haradaatsushi/.passenger/native_support/4.0.29/ruby-1.9.3-x86_64-macosx
App 14918 stderr: # /Users/haradaatsushi/.rvm/wrappers/ruby-1.9.3-p448/ruby '/Users/haradaatsushi/.rvm/gems/ruby-1.9.3-p448/gems/passenger-4.0.29/ext/ruby/extconf.rb'
App 14918 stdout: checking for alloca.h... yes
App 14918 stdout: checking for ruby/io.h... yes
App 14918 stdout: checking for rb_thread_io_blocking_region()... yes
App 14918 stdout: creating Makefile
App 14918 stderr: # make
App 14918 stdout: compiling /Users/haradaatsushi/.rvm/gems/ruby-1.9.3-p448/gems/passenger-4.0.29/ext/ruby/passenger_native_support.c
App 14918 stdout: linking shared-object passenger_native_support.bundle
App 14918 stderr: Compilation succesful.
App 14918 stderr: -------------------------------
[ 2013-12-21 21:16:09.1837 14904/0x10ffa8000 Pool2/SmartSpawner.h:301 ]: Preloader for /Users/haradaatsushi/source/dareuma started on PID 14918, listening on unix:/tmp/passenger.1.0.14899/generation-0/backends/preloader.14918
